<?xml version="1.0" encoding="UTF-8"?>
<!-- Generated by org.testng.reporters.JUnitReportReporter -->
<testsuite hostname="Gopi" failures="0" tests="1" name="Screens.HomePageTest" time="2.596" errors="0" timestamp="2024-06-09T20:58:04 IST" skipped="0">
  <testcase classname="Screens.HomePageTest" name="Homepageop" time="2.596"/>
</testsuite> <!-- Screens.HomePageTest -->
