<?xml version="1.0" encoding="UTF-8"?>
<!-- Generated by org.testng.reporters.JUnitReportReporter -->
<testsuite hostname="Gopi" failures="0" tests="1" name="Screens.ProductsTest" time="21.145" errors="0" timestamp="2024-06-09T20:58:04 IST" skipped="0">
  <testcase classname="Screens.ProductsTest" name="product" time="21.145"/>
</testsuite> <!-- Screens.ProductsTest -->
