<?xml version="1.0" encoding="UTF-8"?>
<!-- Generated by org.testng.reporters.JUnitReportReporter -->
<testsuite hostname="Gopi" failures="0" tests="1" name="Screens.CheckoutTest" time="8.842" errors="0" timestamp="2024-06-10T10:53:28 IST" skipped="0">
  <testcase classname="Screens.CheckoutTest" name="checkout" time="8.842"/>
</testsuite> <!-- Screens.CheckoutTest -->
